# JRE version: Java(TM) SE Runtime Environment (10.0.2+13) (build 10.0.2+13)
# Java VM: Java HotSpot(TM) 64-Bit Server VM (10.0.2+13, mixed mode, tiered, compressed oops, g1 gc, windows-amd64)
Heap:
 garbage-first heap   total 315392K, used 56884K [0x00000006c1800000, 0x00000007c0000000)
  region size 1024K, 43 young (44032K), 5 survivors (5120K)
 Metaspace       used 37323K, capacity 38366K, committed 38476K, reserved 1083392K
  class space    used 4483K, capacity 4909K, committed 4940K, reserved 1048576K
GC Heap History (10 events):
Event: 1.508 GC heap before
{Heap before GC invocations=1 (full 0):
 garbage-first heap   total 262144K, used 14421K [0x00000006c1800000, 0x00000007c0000000)
  region size 1024K, 12 young (12288K), 2 survivors (2048K)
 Metaspace       used 14982K, capacity 15364K, committed 15616K, reserved 1062912K
  class space    used 1570K, capacity 1734K, committed 1792K, reserved 1048576K
}
Event: 1.514 GC heap after
{Heap after GC invocations=2 (full 0):
 garbage-first heap   total 262144K, used 5419K [0x00000006c1800000, 0x00000007c0000000)
  region size 1024K, 2 young (2048K), 2 survivors (2048K)
 Metaspace       used 14982K, capacity 15364K, committed 15616K, reserved 1062912K
  class space    used 1570K, capacity 1734K, committed 1792K, reserved 1048576K
}
Event: 1.889 GC heap before
{Heap before GC invocations=2 (full 0):
 garbage-first heap   total 262144K, used 33067K [0x00000006c1800000, 0x00000007c0000000)
  region size 1024K, 29 young (29696K), 2 survivors (2048K)
 Metaspace       used 19985K, capacity 20518K, committed 20736K, reserved 1067008K
  class space    used 2312K, capacity 2542K, committed 2560K, reserved 1048576K
}
Event: 1.893 GC heap after
{Heap after GC invocations=3 (full 0):
 garbage-first heap   total 262144K, used 6863K [0x00000006c1800000, 0x00000007c0000000)
  region size 1024K, 3 young (3072K), 3 survivors (3072K)
 Metaspace       used 19985K, capacity 20518K, committed 20736K, reserved 1067008K
  class space    used 2312K, capacity 2542K, committed 2560K, reserved 1048576K
}
Event: 1.937 GC heap before
{Heap before GC invocations=3 (full 0):
 garbage-first heap   total 262144K, used 10959K [0x00000006c1800000, 0x00000007c0000000)
  region size 1024K, 8 young (8192K), 3 survivors (3072K)
 Metaspace       used 20619K, capacity 21132K, committed 21296K, reserved 1069056K
  class space    used 2410K, capacity 2640K, committed 2688K, reserved 1048576K
}
Event: 1.940 GC heap after
{Heap after GC invocations=4 (full 0):
 garbage-first heap   total 262144K, used 7169K [0x00000006c1800000, 0x00000007c0000000)
  region size 1024K, 3 young (3072K), 3 survivors (3072K)
 Metaspace       used 20619K, capacity 21132K, committed 21296K, reserved 1069056K
  class space    used 2410K, capacity 2640K, committed 2688K, reserved 1048576K
}
Event: 3.531 GC heap before
{Heap before GC invocations=5 (full 0):
 garbage-first heap   total 262144K, used 87041K [0x00000006c1800000, 0x00000007c0000000)
  region size 1024K, 81 young (82944K), 3 survivors (3072K)
 Metaspace       used 30693K, capacity 31553K, committed 31744K, reserved 1077248K
  class space    used 3678K, capacity 4061K, committed 4096K, reserved 1048576K
}
Event: 3.543 GC heap after
{Heap after GC invocations=6 (full 0):
 garbage-first heap   total 262144K, used 14885K [0x00000006c1800000, 0x00000007c0000000)
  region size 1024K, 11 young (11264K), 11 survivors (11264K)
 Metaspace       used 30693K, capacity 31553K, committed 31744K, reserved 1077248K
  class space    used 3678K, capacity 4061K, committed 4096K, reserved 1048576K
}
Event: 9.707 GC heap before
{Heap before GC invocations=6 (full 0):
 garbage-first heap   total 262144K, used 70181K [0x00000006c1800000, 0x00000007c0000000)
  region size 1024K, 66 young (67584K), 11 survivors (11264K)
 Metaspace       used 34952K, capacity 35844K, committed 35920K, reserved 1081344K
  class space    used 4179K, capacity 4582K, committed 4608K, reserved 1048576K
}
Event: 9.737 GC heap after
{Heap after GC invocations=7 (full 0):
 garbage-first heap   total 315392K, used 18996K [0x00000006c1800000, 0x00000007c0000000)
  region size 1024K, 5 young (5120K), 5 survivors (5120K)
 Metaspace       used 34952K, capacity 35844K, committed 35920K, reserved 1081344K
  class space    used 4179K, capacity 4582K, committed 4608K, reserved 1048576K
}

